mode: set
immersiveApp/features/teams/service/service.go:14.67,19.2 1 1
immersiveApp/features/teams/service/service.go:21.60,23.2 1 0
immersiveApp/features/teams/service/service.go:25.66,27.2 1 0
immersiveApp/features/teams/service/service.go:29.85,31.24 2 1
immersiveApp/features/teams/service/service.go:35.2,36.16 2 1
immersiveApp/features/teams/service/service.go:39.2,39.35 1 0
immersiveApp/features/teams/service/service.go:31.24,33.3 1 0
immersiveApp/features/teams/service/service.go:36.16,38.3 1 0
immersiveApp/features/teams/service/service.go:42.94,44.62 1 0
immersiveApp/features/teams/service/service.go:49.2,50.16 2 0
immersiveApp/features/teams/service/service.go:53.2,53.30 1 0
immersiveApp/features/teams/service/service.go:44.62,46.3 1 0
immersiveApp/features/teams/service/service.go:50.16,52.3 1 0
immersiveApp/features/teams/service/service.go:56.45,58.2 1 0
immersiveApp/features/auth/service/service.go:15.62,19.2 1 1
immersiveApp/features/auth/service/service.go:21.69,22.35 1 1
immersiveApp/features/auth/service/service.go:26.2,27.71 2 1
immersiveApp/features/auth/service/service.go:32.2,33.21 2 0
immersiveApp/features/auth/service/service.go:37.2,37.19 1 0
immersiveApp/features/auth/service/service.go:22.35,24.3 1 0
immersiveApp/features/auth/service/service.go:27.71,29.3 1 0
immersiveApp/features/auth/service/service.go:33.21,35.3 1 0
immersiveApp/features/auth/service/service.go:40.64,42.2 1 0
immersiveApp/features/auth/service/service.go:44.102,45.68 1 0
immersiveApp/features/auth/service/service.go:49.2,49.35 1 0
immersiveApp/features/auth/service/service.go:53.2,54.74 2 0
immersiveApp/features/auth/service/service.go:58.2,59.38 2 0
immersiveApp/features/auth/service/service.go:45.68,47.3 1 0
immersiveApp/features/auth/service/service.go:49.35,51.3 1 0
immersiveApp/features/auth/service/service.go:54.74,56.3 1 0
