mode: set
immersiveApp/features/statuses/service/service.go:14.73,19.2 1 1
immersiveApp/features/statuses/service/service.go:21.65,23.2 1 1
immersiveApp/features/teams/service/service.go:14.67,19.2 1 1
immersiveApp/features/teams/service/service.go:21.60,23.2 1 1
immersiveApp/features/teams/service/service.go:25.66,27.2 1 1
immersiveApp/features/teams/service/service.go:29.85,31.24 2 1
immersiveApp/features/teams/service/service.go:35.2,36.16 2 1
immersiveApp/features/teams/service/service.go:39.2,39.35 1 1
immersiveApp/features/teams/service/service.go:31.24,33.3 1 1
immersiveApp/features/teams/service/service.go:36.16,38.3 1 0
immersiveApp/features/teams/service/service.go:42.94,44.62 1 0
immersiveApp/features/teams/service/service.go:49.2,50.16 2 0
immersiveApp/features/teams/service/service.go:53.2,53.30 1 0
immersiveApp/features/teams/service/service.go:44.62,46.3 1 0
immersiveApp/features/teams/service/service.go:50.16,52.3 1 0
immersiveApp/features/teams/service/service.go:56.45,58.2 1 1
immersiveApp/features/users/service/service.go:15.67,19.2 1 1
immersiveApp/features/users/service/service.go:21.60,23.2 1 1
immersiveApp/features/users/service/service.go:25.66,27.2 1 1
immersiveApp/features/users/service/service.go:29.85,30.61 1 1
immersiveApp/features/users/service/service.go:34.2,36.24 3 0
immersiveApp/features/users/service/service.go:40.2,42.16 3 0
immersiveApp/features/users/service/service.go:46.2,46.35 1 0
immersiveApp/features/users/service/service.go:30.61,32.3 1 1
immersiveApp/features/users/service/service.go:36.24,38.3 1 0
immersiveApp/features/users/service/service.go:42.16,44.3 1 0
immersiveApp/features/users/service/service.go:49.91,50.62 1 0
immersiveApp/features/users/service/service.go:54.2,55.16 2 0
immersiveApp/features/users/service/service.go:59.2,59.30 1 0
immersiveApp/features/users/service/service.go:50.62,52.3 1 0
immersiveApp/features/users/service/service.go:55.16,57.3 1 0
immersiveApp/features/users/service/service.go:62.45,63.49 1 1
immersiveApp/features/users/service/service.go:67.2,67.27 1 0
immersiveApp/features/users/service/service.go:63.49,65.3 1 0
